<?xml version="1.0" encoding="UTF-8"?>
<testng-results skipped="0" failed="0" ignored="0" total="1" passed="1">
  <reporter-output>
  </reporter-output>
  <suite name="Surefire suite" duration-ms="25" started-at="2019-04-25T11:17:31Z" finished-at="2019-04-25T11:17:31Z">
    <groups>
    </groups>
    <test name="Surefire test" duration-ms="25" started-at="2019-04-25T11:17:31Z" finished-at="2019-04-25T11:17:31Z">
      <class name="qaclickacademy.AppTest">
        <test-method status="PASS" signature="testApp()" name="testApp" duration-ms="5" started-at="2019-04-25T11:17:31Z" finished-at="2019-04-25T11:17:31Z">
          <reporter-output>
          </reporter-output>
        </test-method> <!-- testApp -->
      </class> <!-- qaclickacademy.AppTest -->
    </test> <!-- Surefire test -->
  </suite> <!-- Surefire suite -->
</testng-results>
