<?xml version="1.0" encoding="UTF-8"?>
<!-- Generated by org.testng.reporters.JUnitXMLReporter -->
<testsuite hostname="PULETRKHUTWAD" ignored="0" name="Surefire test" tests="6" failures="0" timestamp="25 Apr 2019 11:17:31 GMT" time="0.056" errors="0">
  <testcase name="MobileApione" time="0.011" classname="qaclickacademy.MobileApiTest"/>
  <testcase name="MobileApitwo" time="0.001" classname="qaclickacademy.MobileApiTest"/>
  <testcase name="RestApione" time="0.0" classname="qaclickacademy.RestApiTest"/>
  <testcase name="RestApitwo" time="0.0" classname="qaclickacademy.RestApiTest"/>
  <testcase name="Seleniumone" time="0.0" classname="qaclickacademy.SeleniumTest"/>
  <testcase name="Seleniumtwo" time="0.001" classname="qaclickacademy.SeleniumTest"/>
</testsuite> <!-- Surefire test -->
