<?xml version="1.0" encoding="UTF-8"?>
<testng-results skipped="0" failed="0" ignored="0" total="6" passed="6">
  <reporter-output>
  </reporter-output>
  <suite name="Surefire suite" duration-ms="56" started-at="2019-04-25T11:17:31Z" finished-at="2019-04-25T11:17:31Z">
    <groups>
    </groups>
    <test name="Surefire test" duration-ms="56" started-at="2019-04-25T11:17:31Z" finished-at="2019-04-25T11:17:31Z">
      <class name="qaclickacademy.MobileApiTest">
        <test-method status="PASS" signature="MobileApione()[pri:0, instance:qaclickacademy.MobileApiTest@26f67b76]" name="MobileApione" duration-ms="11" started-at="2019-04-25T11:17:31Z" finished-at="2019-04-25T11:17:31Z">
          <reporter-output>
          </reporter-output>
        </test-method> <!-- MobileApione -->
        <test-method status="PASS" signature="MobileApitwo()[pri:0, instance:qaclickacademy.MobileApiTest@26f67b76]" name="MobileApitwo" duration-ms="1" started-at="2019-04-25T11:17:31Z" finished-at="2019-04-25T11:17:31Z">
          <reporter-output>
          </reporter-output>
        </test-method> <!-- MobileApitwo -->
      </class> <!-- qaclickacademy.MobileApiTest -->
      <class name="qaclickacademy.SeleniumTest">
        <test-method status="PASS" signature="Seleniumone()[pri:0, instance:qaclickacademy.SeleniumTest@7f560810]" name="Seleniumone" duration-ms="0" started-at="2019-04-25T11:17:31Z" finished-at="2019-04-25T11:17:31Z">
          <reporter-output>
          </reporter-output>
        </test-method> <!-- Seleniumone -->
        <test-method status="PASS" signature="Seleniumtwo()[pri:0, instance:qaclickacademy.SeleniumTest@7f560810]" name="Seleniumtwo" duration-ms="1" started-at="2019-04-25T11:17:31Z" finished-at="2019-04-25T11:17:31Z">
          <reporter-output>
          </reporter-output>
        </test-method> <!-- Seleniumtwo -->
      </class> <!-- qaclickacademy.SeleniumTest -->
      <class name="qaclickacademy.RestApiTest">
        <test-method status="PASS" signature="RestApione()[pri:0, instance:qaclickacademy.RestApiTest@153f5a29]" name="RestApione" duration-ms="0" started-at="2019-04-25T11:17:31Z" finished-at="2019-04-25T11:17:31Z">
          <reporter-output>
          </reporter-output>
        </test-method> <!-- RestApione -->
        <test-method status="PASS" signature="RestApitwo()[pri:0, instance:qaclickacademy.RestApiTest@153f5a29]" name="RestApitwo" duration-ms="0" started-at="2019-04-25T11:17:31Z" finished-at="2019-04-25T11:17:31Z">
          <reporter-output>
          </reporter-output>
        </test-method> <!-- RestApitwo -->
      </class> <!-- qaclickacademy.RestApiTest -->
    </test> <!-- Surefire test -->
  </suite> <!-- Surefire suite -->
</testng-results>
